*** Starting uWSGI 2.0.18 (64bit) on [Tue Jan 21 15:47:48 2020] ***
compiled with version: 7.4.0 on 21 January 2020 07:02:10
os: Linux-5.0.0-37-generic #40~18.04.1-Ubuntu SMP Thu Nov 14 12:06:39 UTC 2019
nodename: tedu
machine: x86_64
clock source: unix
detected number of CPU cores: 2
current working directory: /home/tarena/code/m3/django_/mysite8/mysite8
writing pidfile to uwsgi.pid
detected binary path: /usr/local/bin/uwsgi
!!! no internal routing support, rebuild with pcre support !!!
uWSGI running as root, you can use --uid/--gid/--chroot options
*** WARNING: you are running uWSGI as root !!! (use the --uid flag) *** 
chdir() to /home/tarena/code/m3/django_/mysite8/#这里需要换为项目文件夹的绝对路径
chdir(): No such file or directory [core/uwsgi.c line 2623]
*** Starting uWSGI 2.0.18 (64bit) on [Tue Jan 21 15:49:58 2020] ***
compiled with version: 7.4.0 on 21 January 2020 07:02:10
os: Linux-5.0.0-37-generic #40~18.04.1-Ubuntu SMP Thu Nov 14 12:06:39 UTC 2019
nodename: tedu
machine: x86_64
clock source: unix
detected number of CPU cores: 2
current working directory: /home/tarena/code/m3/django_/mysite8/mysite8
writing pidfile to uwsgi.pid
detected binary path: /usr/local/bin/uwsgi
!!! no internal routing support, rebuild with pcre support !!!
uWSGI running as root, you can use --uid/--gid/--chroot options
*** WARNING: you are running uWSGI as root !!! (use the --uid flag) *** 
chdir() to /home/tarena/code/m3/django_/mysite8/#这里需要换为项目文件夹的绝对路径
chdir(): No such file or directory [core/uwsgi.c line 2623]
*** Starting uWSGI 2.0.18 (64bit) on [Tue Jan 21 15:54:08 2020] ***
compiled with version: 7.4.0 on 21 January 2020 07:02:10
os: Linux-5.0.0-37-generic #40~18.04.1-Ubuntu SMP Thu Nov 14 12:06:39 UTC 2019
nodename: tedu
machine: x86_64
clock source: unix
detected number of CPU cores: 2
current working directory: /home/tarena/code/m3/django_/mysite8/mysite8
writing pidfile to uwsgi.pid
detected binary path: /usr/local/bin/uwsgi
!!! no internal routing support, rebuild with pcre support !!!
uWSGI running as root, you can use --uid/--gid/--chroot options
*** WARNING: you are running uWSGI as root !!! (use the --uid flag) *** 
chdir() to /home/tarena/code/m3/django_/mysite8/mysite8这里需要换为项目文件夹的绝对路径
chdir(): No such file or directory [core/uwsgi.c line 2623]
*** Starting uWSGI 2.0.18 (64bit) on [Tue Jan 21 15:56:26 2020] ***
compiled with version: 7.4.0 on 21 January 2020 07:02:10
os: Linux-5.0.0-37-generic #40~18.04.1-Ubuntu SMP Thu Nov 14 12:06:39 UTC 2019
nodename: tedu
machine: x86_64
clock source: unix
detected number of CPU cores: 2
current working directory: /home/tarena/code/m3/django_/mysite8/mysite8
writing pidfile to uwsgi.pid
detected binary path: /usr/local/bin/uwsgi
!!! no internal routing support, rebuild with pcre support !!!
uWSGI running as root, you can use --uid/--gid/--chroot options
*** WARNING: you are running uWSGI as root !!! (use the --uid flag) *** 
chdir() to /home/tarena/code/m3/django_/mysite8
your processes number limit is 15485
your memory page size is 4096 bytes
detected max file descriptor number: 1024
lock engine: pthread robust mutexes
thunder lock: disabled (you can enable it with --thunder-lock)
uWSGI http bound on 127.0.0.1:8000 fd 4
uwsgi socket 0 bound to TCP address 127.0.0.1:46847 (port auto-assigned) fd 3
uWSGI running as root, you can use --uid/--gid/--chroot options
*** WARNING: you are running uWSGI as root !!! (use the --uid flag) *** 
Python version: 3.6.8 (default, Oct  7 2019, 12:59:55)  [GCC 8.3.0]
Python main interpreter initialized at 0x5564c0d0fbb0
uWSGI running as root, you can use --uid/--gid/--chroot options
*** WARNING: you are running uWSGI as root !!! (use the --uid flag) *** 
python threads support enabled
your server socket listen backlog is limited to 100 connections
your mercy for graceful operations on workers is 60 seconds
mapped 166752 bytes (162 KB) for 2 cores
*** Operational MODE: threaded ***
WSGI app 0 (mountpoint='') ready in 2 seconds on interpreter 0x5564c0d0fbb0 pid: 38295 (default app)
uWSGI running as root, you can use --uid/--gid/--chroot options
*** WARNING: you are running uWSGI as root !!! (use the --uid flag) *** 
*** uWSGI is running in multiple interpreter mode ***
spawned uWSGI master process (pid: 38295)
spawned uWSGI worker 1 (pid: 38297, cores: 2)
spawned uWSGI http 1 (pid: 38298)
[pid: 38297|app: 0|req: 1/1] 127.0.0.1 () {46 vars in 869 bytes} [Tue Jan 21 16:16:19 2020] GET /test_email => generated 400 bytes in 83 msecs (HTTP/1.1 200) 3 headers in 109 bytes (1 switches on core 0)
SIGINT/SIGQUIT received...killing workers...
gateway "uWSGI http 1" has been buried (pid: 38298)
worker 1 buried after 1 seconds
goodbye to uWSGI.
